<?xml version="1.0" encoding="UTF-8"?>
<!-- Generated by org.testng.reporters.JUnitXMLReporter -->
<testsuite ignored="0" hostname="IN-BRM9WP3" failures="5" tests="5" name="GroceryTest" time="0.028" errors="0" timestamp="2024-06-14T01:08:25 IST">
  <testcase classname="com.flipkart.tests.GroceryTest" name="testGroceryValidPincode" time="0.002">
    <failure type="java.lang.NullPointerException">
      <![CDATA[java.lang.NullPointerException
at com.flipkart.tests.GroceryTest.testGroceryValidPincode(GroceryTest.java:19)
at java.base/java.util.ArrayList.forEach(ArrayList.java:1540)
... Removed 27 stack frames]]>
    </failure>
  </testcase> <!-- testGroceryValidPincode -->
  <testcase classname="com.flipkart.tests.GroceryTest" name="testGroceryInValidPincode" time="0.002">
    <failure type="java.lang.NullPointerException">
      <![CDATA[java.lang.NullPointerException
at com.flipkart.tests.GroceryTest.testGroceryInValidPincode(GroceryTest.java:50)
at java.base/java.util.ArrayList.forEach(ArrayList.java:1540)
... Removed 27 stack frames]]>
    </failure>
  </testcase> <!-- testGroceryInValidPincode -->
  <testcase classname="com.flipkart.tests.GroceryTest" name="testGrocerySearchBarFunctionality" time="0.001">
    <failure type="java.lang.NullPointerException">
      <![CDATA[java.lang.NullPointerException
at com.flipkart.tests.GroceryTest.testGrocerySearchBarFunctionality(GroceryTest.java:79)
at java.base/java.util.ArrayList.forEach(ArrayList.java:1540)
... Removed 27 stack frames]]>
    </failure>
  </testcase> <!-- testGrocerySearchBarFunctionality -->
  <testcase classname="com.flipkart.tests.GroceryTest" name="testGroceryAddItems" time="0.006">
    <failure type="java.lang.NullPointerException">
      <![CDATA[java.lang.NullPointerException
at com.flipkart.tests.GroceryTest.testGroceryAddItems(GroceryTest.java:106)
at java.base/java.util.ArrayList.forEach(ArrayList.java:1540)
... Removed 27 stack frames]]>
    </failure>
  </testcase> <!-- testGroceryAddItems -->
  <testcase classname="com.flipkart.tests.GroceryTest" name="testGroceryRemoveItems" time="0.0">
    <failure type="java.lang.NullPointerException">
      <![CDATA[java.lang.NullPointerException
at com.flipkart.tests.GroceryTest.testGroceryRemoveItems(GroceryTest.java:143)
at java.base/java.util.ArrayList.forEach(ArrayList.java:1540)
... Removed 27 stack frames]]>
    </failure>
  </testcase> <!-- testGroceryRemoveItems -->
</testsuite> <!-- GroceryTest -->
