<?xml version="1.0" encoding="UTF-8"?>
<!-- Generated by org.testng.reporters.JUnitXMLReporter -->
<testsuite ignored="0" hostname="IN-BRM9WP3" failures="2" tests="2" name="HelpPageTest" time="0.007" errors="0" timestamp="2024-06-14T01:08:25 IST">
  <testcase classname="com.flipkart.tests.HelpPageTest" name="testHelpPageFeedbackYesBtnFunctionality" time="0.001">
    <failure type="java.lang.NullPointerException">
      <![CDATA[java.lang.NullPointerException
at com.flipkart.tests.HelpPageTest.testHelpPageFeedbackYesBtnFunctionality(HelpPageTest.java:17)
at java.base/java.util.ArrayList.forEach(ArrayList.java:1540)
... Removed 27 stack frames]]>
    </failure>
  </testcase> <!-- testHelpPageFeedbackYesBtnFunctionality -->
  <testcase classname="com.flipkart.tests.HelpPageTest" name="testHelpPageFeedbackNoBtnFunctionality" time="0.001">
    <failure type="java.lang.NullPointerException">
      <![CDATA[java.lang.NullPointerException
at com.flipkart.tests.HelpPageTest.testHelpPageFeedbackNoBtnFunctionality(HelpPageTest.java:46)
at java.base/java.util.ArrayList.forEach(ArrayList.java:1540)
... Removed 27 stack frames]]>
    </failure>
  </testcase> <!-- testHelpPageFeedbackNoBtnFunctionality -->
</testsuite> <!-- HelpPageTest -->
