<?xml version="1.0" encoding="UTF-8"?>
<!-- Generated by org.testng.reporters.JUnitXMLReporter -->
<testsuite ignored="0" hostname="IN-BRM9WP3" failures="3" tests="3" name="HomeTest" time="0.014" errors="0" timestamp="2024-06-14T01:08:25 IST">
  <testcase classname="com.flipkart.tests.HomeTest" name="testFlipkartLogoVisibility" time="0.001">
    <failure type="java.lang.NullPointerException">
      <![CDATA[java.lang.NullPointerException
at com.flipkart.tests.HomeTest.testFlipkartLogoVisibility(HomeTest.java:19)
at java.base/java.util.ArrayList.forEach(ArrayList.java:1540)
... Removed 27 stack frames]]>
    </failure>
  </testcase> <!-- testFlipkartLogoVisibility -->
  <testcase classname="com.flipkart.tests.HomeTest" name="testSearchBarFunctionality" time="0.002">
    <failure type="java.lang.NullPointerException">
      <![CDATA[java.lang.NullPointerException
at com.flipkart.tests.HomeTest.testSearchBarFunctionality(HomeTest.java:40)
at java.base/java.util.ArrayList.forEach(ArrayList.java:1540)
... Removed 27 stack frames]]>
    </failure>
  </testcase> <!-- testSearchBarFunctionality -->
  <testcase classname="com.flipkart.tests.HomeTest" name="testSearchWithMisspelledQueries" time="0.001">
    <failure type="java.lang.NullPointerException">
      <![CDATA[java.lang.NullPointerException
at com.flipkart.tests.HomeTest.testSearchWithMisspelledQueries(HomeTest.java:67)
at java.base/java.util.ArrayList.forEach(ArrayList.java:1540)
... Removed 27 stack frames]]>
    </failure>
  </testcase> <!-- testSearchWithMisspelledQueries -->
</testsuite> <!-- HomeTest -->
