<?xml version="1.0" encoding="UTF-8"?>
<!-- Generated by org.testng.reporters.JUnitXMLReporter -->
<testsuite ignored="2" hostname="IN-BRM9WP3" failures="1" tests="1" name="Login Tests" time="0.254" errors="0" timestamp="2024-06-12T16:22:25 IST">
  <testcase classname="com.flipkart.tests.HomeTest" name="testFlipkartLogoVisibility" time="0.076">
    <failure type="java.lang.NullPointerException">
      <![CDATA[java.lang.NullPointerException
at com.flipkart.tests.HomeTest.testFlipkartLogoVisibility(HomeTest.java:21)
at java.base/java.util.ArrayList.forEach(ArrayList.java:1540)
... Removed 27 stack frames]]>
    </failure>
  </testcase> <!-- testFlipkartLogoVisibility -->
  <testcase classname="com.flipkart.tests.HomeTest" name="testAddProductToCart" time="0.0">
    <ignored/>
  </testcase> <!-- testAddProductToCart -->
  <testcase classname="com.flipkart.tests.HomeTest" name="testSearchBarFunctionality" time="0.0">
    <ignored/>
  </testcase> <!-- testSearchBarFunctionality -->
</testsuite> <!-- Login Tests -->
