<?xml version="1.0" encoding="UTF-8"?>
<!-- Generated by org.testng.reporters.JUnitXMLReporter -->
<testsuite ignored="0" hostname="IN-BRM9WP3" failures="4" tests="4" name="SellerTest" time="0.012" errors="0" timestamp="2024-06-14T01:08:25 IST">
  <testcase classname="com.flipkart.tests.SellerTest" name="testSellerBtnPresence" time="0.001">
    <failure type="java.lang.NullPointerException">
      <![CDATA[java.lang.NullPointerException
at com.flipkart.tests.SellerTest.testSellerBtnPresence(SellerTest.java:17)
at java.base/java.util.ArrayList.forEach(ArrayList.java:1540)
... Removed 27 stack frames]]>
    </failure>
  </testcase> <!-- testSellerBtnPresence -->
  <testcase classname="com.flipkart.tests.SellerTest" name="testSellerLoginFunctionality" time="0.0">
    <failure type="java.lang.NullPointerException">
      <![CDATA[java.lang.NullPointerException
at com.flipkart.tests.SellerTest.testSellerLoginFunctionality(SellerTest.java:42)
at java.base/java.util.ArrayList.forEach(ArrayList.java:1540)
... Removed 27 stack frames]]>
    </failure>
  </testcase> <!-- testSellerLoginFunctionality -->
  <testcase classname="com.flipkart.tests.SellerTest" name="testSellerResetPasswordFunctionality" time="0.001">
    <failure type="java.lang.NullPointerException">
      <![CDATA[java.lang.NullPointerException
at com.flipkart.tests.SellerTest.testSellerResetPasswordFunctionality(SellerTest.java:70)
at java.base/java.util.ArrayList.forEach(ArrayList.java:1540)
... Removed 27 stack frames]]>
    </failure>
  </testcase> <!-- testSellerResetPasswordFunctionality -->
  <testcase classname="com.flipkart.tests.SellerTest" name="testStartSellingBtnPresence" time="0.001">
    <failure type="java.lang.NullPointerException">
      <![CDATA[java.lang.NullPointerException
at com.flipkart.tests.SellerTest.testStartSellingBtnPresence(SellerTest.java:99)
at java.base/java.util.ArrayList.forEach(ArrayList.java:1540)
... Removed 27 stack frames]]>
    </failure>
  </testcase> <!-- testStartSellingBtnPresence -->
</testsuite> <!-- SellerTest -->
