<?xml version="1.0" encoding="UTF-8"?>
<!-- Generated by org.testng.reporters.JUnitXMLReporter -->
<testsuite ignored="0" hostname="IN-BRM9WP3" failures="1" tests="1" name="SellerRegisterPageTest" time="0.004" errors="0" timestamp="2024-06-14T01:08:25 IST">
  <testcase classname="com.flipkart.tests.SellerRegisterPageTest" name="testInvalidOtpFunctionality" time="0.001">
    <failure type="java.lang.NullPointerException">
      <![CDATA[java.lang.NullPointerException
at com.flipkart.tests.SellerRegisterPageTest.testInvalidOtpFunctionality(SellerRegisterPageTest.java:18)
at java.base/java.util.ArrayList.forEach(ArrayList.java:1540)
... Removed 27 stack frames]]>
    </failure>
  </testcase> <!-- testInvalidOtpFunctionality -->
</testsuite> <!-- SellerRegisterPageTest -->
