<?xml version="1.0" encoding="UTF-8"?>
<!-- Generated by org.testng.reporters.JUnitXMLReporter -->
<testsuite ignored="0" hostname="IN-BRM9WP3" failures="0" tests="3" name="CartTest" time="53.085" errors="0" timestamp="2024-06-14T16:42:26 IST">
  <testcase classname="com.flipkart.tests.CartTest" name="testAddProductToCart" time="14.106"/>
  <testcase classname="com.flipkart.tests.CartTest" name="testRemoveProductFromCart" time="12.311"/>
  <testcase classname="com.flipkart.tests.CartTest" name="testBuyNowBtnFunctionality" time="8.844"/>
</testsuite> <!-- CartTest -->
