<?xml version="1.0" encoding="UTF-8"?>
<!-- Generated by org.testng.reporters.JUnitXMLReporter -->
<testsuite ignored="2" hostname="IN-BRM9WP3" failures="0" tests="3" name="GroceryTest" time="29.185" errors="0" timestamp="2024-06-14T16:42:56 IST">
  <testcase classname="com.flipkart.tests.GroceryTest" name="testGroceryValidPincode" time="4.257"/>
  <testcase classname="com.flipkart.tests.GroceryTest" name="testGroceryInValidPincode" time="2.485"/>
  <testcase classname="com.flipkart.tests.GroceryTest" name="testGrocerySearchBarFunctionality" time="2.286"/>
  <testcase classname="com.flipkart.tests.GroceryTest" name="testGroceryRemoveItems" time="0.0">
    <ignored/>
  </testcase> <!-- testGroceryRemoveItems -->
  <testcase classname="com.flipkart.tests.GroceryTest" name="testGroceryAddItems" time="0.0">
    <ignored/>
  </testcase> <!-- testGroceryAddItems -->
</testsuite> <!-- GroceryTest -->
