<?xml version="1.0" encoding="UTF-8"?>
<!-- Generated by org.testng.reporters.JUnitXMLReporter -->
<testsuite ignored="0" hostname="IN-BRM9WP3" failures="0" tests="2" name="HelpPageTest" time="18.43" errors="0" timestamp="2024-06-14T16:43:14 IST">
  <testcase classname="com.flipkart.tests.HelpPageTest" name="testHelpPageFeedbackYesBtnFunctionality" time="2.62"/>
  <testcase classname="com.flipkart.tests.HelpPageTest" name="testHelpPageFeedbackNoBtnFunctionality" time="3.388"/>
</testsuite> <!-- HelpPageTest -->
