<?xml version="1.0" encoding="UTF-8"?>
<!-- Generated by org.testng.reporters.JUnitXMLReporter -->
<testsuite ignored="0" hostname="IN-BRM9WP3" failures="0" tests="3" name="HomeTest" time="35.546" errors="0" timestamp="2024-06-14T16:43:50 IST">
  <testcase classname="com.flipkart.tests.HomeTest" name="testFlipkartLogoVisibility" time="0.232"/>
  <testcase classname="com.flipkart.tests.HomeTest" name="testSearchBarFunctionality" time="2.904"/>
  <testcase classname="com.flipkart.tests.HomeTest" name="testSearchWithMisspelledQueries" time="12.77"/>
</testsuite> <!-- HomeTest -->
