<?xml version="1.0" encoding="UTF-8"?>
<testsuite xmlns:xsi="http://www.w3.org/2001/XMLSchema-instance" xsi:noNamespaceSchemaLocation="https://maven.apache.org/surefire/maven-surefire-plugin/xsd/surefire-test-report-3.0.xsd" version="3.0" name="TestSuite" time="262.503" tests="20" errors="0" skipped="0" failures="2">
  <properties>
[...]
</properties>
  <testcase name="testInvalidLoginFunctionalityonAdsPage" classname="com.flipkart.tests.AdvertisePageTest" time="3.653">
    <system-err><![CDATA[SLF4J: Failed to load class "org.slf4j.impl.StaticLoggerBinder".
SLF4J: Defaulting to no-operation (NOP) logger implementation
SLF4J: See http://www.slf4j.org/codes.html#StaticLoggerBinder for further details.
Jun 14, 2024 4:41:03 PM org.openqa.selenium.devtools.CdpVersionFinder findNearestMatch
WARNING: Unable to find an exact match for CDP version 126, returning the closest version; found: 123; Please update to a Selenium version that supports CDP version 126
]]></system-err>
  </testcase>
  <testcase name="testAdsResetPasswordFunctionality" classname="com.flipkart.tests.AdvertisePageTest" time="2.857">
    <failure message="stale element reference: stale element not found in the current frame&#10;  (Session info: chrome=126.0.6478.62)&#10;For documentation on this error, please visit: https://www.selenium.dev/documentation/webdriver/troubleshooting/errors#stale-element-reference-exception&#10;Build info: version: &apos;4.19.1&apos;, revision: &apos;abe0ee07dc&apos;&#10;System info: os.name: &apos;Windows 10&apos;, os.arch: &apos;amd64&apos;, os.version: &apos;10.0&apos;, java.version: &apos;11.0.1&apos;&#10;Driver info: org.openqa.selenium.chrome.ChromeDriver&#10;Command: [de1e6aae536c269079d9f31997513447, isElementDisplayed {id=f.1ABB92403013D5D4F727538F90FE745A.d.CA03D57860155BB70414E2DECAE94CF7.e.130}]&#10;Capabilities {acceptInsecureCerts: false, browserName: chrome, browserVersion: 126.0.6478.62, chrome: {chromedriverVersion: 126.0.6478.61 (8dc092df54ce..., userDataDir: C:\Users\AASHIS~1\AppData\L...}, fedcm:accounts: true, goog:chromeOptions: {debuggerAddress: localhost:55878}, networkConnectionEnabled: false, pageLoadStrategy: normal, platformName: windows, proxy: Proxy(), se:cdp: ws://localhost:55878/devtoo..., se:cdpVersion: 126.0.6478.62, setWindowRect: true, strictFileInteractability: false, timeouts: {implicit: 0, pageLoad: 300000, script: 30000}, unhandledPromptBehavior: dismiss and notify, webauthn:extension:credBlob: true, webauthn:extension:largeBlob: true, webauthn:extension:minPinLength: true, webauthn:extension:prf: true, webauthn:virtualAuthenticators: true}&#10;Element: [[ChromeDriver: chrome on windows (de1e6aae536c269079d9f31997513447)] -&gt; css selector: .styles__Heading-sc-18s7njp-7.erLrxD]&#10;Session ID: de1e6aae536c269079d9f31997513447" type="org.openqa.selenium.StaleElementReferenceException"><![CDATA[org.openqa.selenium.StaleElementReferenceException: 
stale element reference: stale element not found in the current frame
  (Session info: chrome=126.0.6478.62)
For documentation on this error, please visit: https://www.selenium.dev/documentation/webdriver/troubleshooting/errors#stale-element-reference-exception
Build info: version: '4.19.1', revision: 'abe0ee07dc'
System info: os.name: 'Windows 10', os.arch: 'amd64', os.version: '10.0', java.version: '11.0.1'
Driver info: org.openqa.selenium.chrome.ChromeDriver
Command: [de1e6aae536c269079d9f31997513447, isElementDisplayed {id=f.1ABB92403013D5D4F727538F90FE745A.d.CA03D57860155BB70414E2DECAE94CF7.e.130}]
Capabilities {acceptInsecureCerts: false, browserName: chrome, browserVersion: 126.0.6478.62, chrome: {chromedriverVersion: 126.0.6478.61 (8dc092df54ce..., userDataDir: C:\Users\AASHIS~1\AppData\L...}, fedcm:accounts: true, goog:chromeOptions: {debuggerAddress: localhost:55878}, networkConnectionEnabled: false, pageLoadStrategy: normal, platformName: windows, proxy: Proxy(), se:cdp: ws://localhost:55878/devtoo..., se:cdpVersion: 126.0.6478.62, setWindowRect: true, strictFileInteractability: false, timeouts: {implicit: 0, pageLoad: 300000, script: 30000}, unhandledPromptBehavior: dismiss and notify, webauthn:extension:credBlob: true, webauthn:extension:largeBlob: true, webauthn:extension:minPinLength: true, webauthn:extension:prf: true, webauthn:virtualAuthenticators: true}
Element: [[ChromeDriver: chrome on windows (de1e6aae536c269079d9f31997513447)] -> css selector: .styles__Heading-sc-18s7njp-7.erLrxD]
Session ID: de1e6aae536c269079d9f31997513447
	at java.base/jdk.internal.reflect.NativeConstructorAccessorImpl.newInstance0(Native Method)
	at java.base/jdk.internal.reflect.NativeConstructorAccessorImpl.newInstance(NativeConstructorAccessorImpl.java:62)
	at java.base/jdk.internal.reflect.DelegatingConstructorAccessorImpl.newInstance(DelegatingConstructorAccessorImpl.java:45)
	at java.base/java.lang.reflect.Constructor.newInstance(Constructor.java:490)
	at org.openqa.selenium.remote.ErrorCodec.decode(ErrorCodec.java:167)
	at org.openqa.selenium.remote.codec.w3c.W3CHttpResponseCodec.decode(W3CHttpResponseCodec.java:138)
	at org.openqa.selenium.remote.codec.w3c.W3CHttpResponseCodec.decode(W3CHttpResponseCodec.java:50)
	at org.openqa.selenium.remote.HttpCommandExecutor.execute(HttpCommandExecutor.java:190)
	at org.openqa.selenium.remote.service.DriverCommandExecutor.invokeExecute(DriverCommandExecutor.java:216)
	at org.openqa.selenium.remote.service.DriverCommandExecutor.execute(DriverCommandExecutor.java:174)
	at org.openqa.selenium.remote.RemoteWebDriver.execute(RemoteWebDriver.java:518)
	at org.openqa.selenium.remote.RemoteWebElement.execute(RemoteWebElement.java:223)
	at org.openqa.selenium.remote.RemoteWebElement.isDisplayed(RemoteWebElement.java:282)
	at java.base/jdk.internal.reflect.NativeMethodAccessorImpl.invoke0(Native Method)
	at java.base/jdk.internal.reflect.NativeMethodAccessorImpl.invoke(NativeMethodAccessorImpl.java:62)
	at java.base/jdk.internal.reflect.DelegatingMethodAccessorImpl.invoke(DelegatingMethodAccessorImpl.java:43)
	at java.base/java.lang.reflect.Method.invoke(Method.java:566)
	at org.openqa.selenium.support.pagefactory.internal.LocatingElementHandler.invoke(LocatingElementHandler.java:51)
	at com.sun.proxy.$Proxy27.isDisplayed(Unknown Source)
	at org.openqa.selenium.support.ui.ExpectedConditions.elementIfVisible(ExpectedConditions.java:304)
	at org.openqa.selenium.support.ui.ExpectedConditions$10.apply(ExpectedConditions.java:290)
	at org.openqa.selenium.support.ui.ExpectedConditions$10.apply(ExpectedConditions.java:287)
	at org.openqa.selenium.support.ui.FluentWait.until(FluentWait.java:203)
	at com.flipkart.utils.WaitUtils.waitForElementToBeVisible(WaitUtils.java:14)
	at com.flipkart.pages.AdvertisePage.isResetPasswordPageDisplayed(AdvertisePage.java:101)
	at com.flipkart.tests.AdvertisePageTest.testAdsResetPasswordFunctionality(AdvertisePageTest.java:75)
	at java.base/jdk.internal.reflect.NativeMethodAccessorImpl.invoke0(Native Method)
	at java.base/jdk.internal.reflect.NativeMethodAccessorImpl.invoke(NativeMethodAccessorImpl.java:62)
	at java.base/jdk.internal.reflect.DelegatingMethodAccessorImpl.invoke(DelegatingMethodAccessorImpl.java:43)
	at java.base/java.lang.reflect.Method.invoke(Method.java:566)
	at org.testng.internal.invokers.MethodInvocationHelper.invokeMethod(MethodInvocationHelper.java:141)
	at org.testng.internal.invokers.TestInvoker.invokeMethod(TestInvoker.java:686)
	at org.testng.internal.invokers.TestInvoker.invokeTestMethod(TestInvoker.java:230)
	at org.testng.internal.invokers.MethodRunner.runInSequence(MethodRunner.java:63)
	at org.testng.internal.invokers.TestInvoker$MethodInvocationAgent.invoke(TestInvoker.java:992)
	at org.testng.internal.invokers.TestInvoker.invokeTestMethods(TestInvoker.java:203)
	at org.testng.internal.invokers.TestMethodWorker.invokeTestMethods(TestMethodWorker.java:154)
	at org.testng.internal.invokers.TestMethodWorker.run(TestMethodWorker.java:134)
	at java.base/java.util.ArrayList.forEach(ArrayList.java:1540)
	at org.testng.TestRunner.privateRun(TestRunner.java:739)
	at org.testng.TestRunner.run(TestRunner.java:614)
	at org.testng.SuiteRunner.runTest(SuiteRunner.java:421)
	at org.testng.SuiteRunner.runSequentially(SuiteRunner.java:413)
	at org.testng.SuiteRunner.privateRun(SuiteRunner.java:373)
	at org.testng.SuiteRunner.run(SuiteRunner.java:312)
	at org.testng.SuiteRunnerWorker.runSuite(SuiteRunnerWorker.java:52)
	at org.testng.SuiteRunnerWorker.run(SuiteRunnerWorker.java:95)
	at org.testng.TestNG.runSuitesSequentially(TestNG.java:1274)
	at org.testng.TestNG.runSuitesLocally(TestNG.java:1208)
	at org.testng.TestNG.runSuites(TestNG.java:1112)
	at org.testng.TestNG.run(TestNG.java:1079)
	at org.apache.maven.surefire.testng.TestNGExecutor.run(TestNGExecutor.java:308)
	at org.apache.maven.surefire.testng.TestNGXmlTestSuite.execute(TestNGXmlTestSuite.java:71)
	at org.apache.maven.surefire.testng.TestNGProvider.invoke(TestNGProvider.java:113)
	at org.apache.maven.surefire.booter.ForkedBooter.runSuitesInProcess(ForkedBooter.java:385)
	at org.apache.maven.surefire.booter.ForkedBooter.execute(ForkedBooter.java:162)
	at org.apache.maven.surefire.booter.ForkedBooter.run(ForkedBooter.java:507)
	at org.apache.maven.surefire.booter.ForkedBooter.main(ForkedBooter.java:495)
]]></failure>
    <system-err><![CDATA[Jun 14, 2024 4:41:16 PM org.openqa.selenium.devtools.CdpVersionFinder findNearestMatch
WARNING: Unable to find an exact match for CDP version 126, returning the closest version; found: 123; Please update to a Selenium version that supports CDP version 126
]]></system-err>
  </testcase>
  <testcase name="testAdsEmptyResetPasswordFunctionality" classname="com.flipkart.tests.AdvertisePageTest" time="2.156">
    <system-err><![CDATA[Jun 14, 2024 4:41:26 PM org.openqa.selenium.devtools.CdpVersionFinder findNearestMatch
WARNING: Unable to find an exact match for CDP version 126, returning the closest version; found: 123; Please update to a Selenium version that supports CDP version 126
]]></system-err>
  </testcase>
  <testcase name="testAddProductToCart" classname="com.flipkart.tests.CartTest" time="14.105">
    <system-out><![CDATA[

]]></system-out>
    <system-err><![CDATA[Jun 14, 2024 4:41:36 PM org.openqa.selenium.devtools.CdpVersionFinder findNearestMatch
WARNING: Unable to find an exact match for CDP version 126, returning the closest version; found: 123; Please update to a Selenium version that supports CDP version 126
]]></system-err>
  </testcase>
  <testcase name="testRemoveProductFromCart" classname="com.flipkart.tests.CartTest" time="12.311">
    <system-out><![CDATA[

]]></system-out>
    <system-err><![CDATA[Jun 14, 2024 4:41:54 PM org.openqa.selenium.devtools.CdpVersionFinder findNearestMatch
WARNING: Unable to find an exact match for CDP version 126, returning the closest version; found: 123; Please update to a Selenium version that supports CDP version 126
]]></system-err>
  </testcase>
  <testcase name="testBuyNowBtnFunctionality" classname="com.flipkart.tests.CartTest" time="8.844">
    <system-err><![CDATA[Jun 14, 2024 4:42:13 PM org.openqa.selenium.devtools.CdpVersionFinder findNearestMatch
WARNING: Unable to find an exact match for CDP version 126, returning the closest version; found: 123; Please update to a Selenium version that supports CDP version 126
]]></system-err>
  </testcase>
  <testcase name="testGroceryValidPincode" classname="com.flipkart.tests.GroceryTest" time="4.254">
    <system-err><![CDATA[Jun 14, 2024 4:42:28 PM org.openqa.selenium.devtools.CdpVersionFinder findNearestMatch
WARNING: Unable to find an exact match for CDP version 126, returning the closest version; found: 123; Please update to a Selenium version that supports CDP version 126
]]></system-err>
  </testcase>
  <testcase name="testGroceryInValidPincode" classname="com.flipkart.tests.GroceryTest" time="2.485">
    <system-err><![CDATA[Jun 14, 2024 4:42:40 PM org.openqa.selenium.devtools.CdpVersionFinder findNearestMatch
WARNING: Unable to find an exact match for CDP version 126, returning the closest version; found: 123; Please update to a Selenium version that supports CDP version 126
]]></system-err>
  </testcase>
  <testcase name="testGrocerySearchBarFunctionality" classname="com.flipkart.tests.GroceryTest" time="2.286">
    <system-err><![CDATA[Jun 14, 2024 4:42:49 PM org.openqa.selenium.devtools.CdpVersionFinder findNearestMatch
WARNING: Unable to find an exact match for CDP version 126, returning the closest version; found: 123; Please update to a Selenium version that supports CDP version 126
]]></system-err>
  </testcase>
  <testcase name="testHelpPageFeedbackYesBtnFunctionality" classname="com.flipkart.tests.HelpPageTest" time="2.619">
    <system-err><![CDATA[Jun 14, 2024 4:42:58 PM org.openqa.selenium.devtools.CdpVersionFinder findNearestMatch
WARNING: Unable to find an exact match for CDP version 126, returning the closest version; found: 123; Please update to a Selenium version that supports CDP version 126
]]></system-err>
  </testcase>
  <testcase name="testHelpPageFeedbackNoBtnFunctionality" classname="com.flipkart.tests.HelpPageTest" time="3.388">
    <system-err><![CDATA[Jun 14, 2024 4:43:06 PM org.openqa.selenium.devtools.CdpVersionFinder findNearestMatch
WARNING: Unable to find an exact match for CDP version 126, returning the closest version; found: 123; Please update to a Selenium version that supports CDP version 126
]]></system-err>
  </testcase>
  <testcase name="testFlipkartLogoVisibility" classname="com.flipkart.tests.HomeTest" time="0.234">
    <system-err><![CDATA[Jun 14, 2024 4:43:16 PM org.openqa.selenium.devtools.CdpVersionFinder findNearestMatch
WARNING: Unable to find an exact match for CDP version 126, returning the closest version; found: 123; Please update to a Selenium version that supports CDP version 126
]]></system-err>
  </testcase>
  <testcase name="testSearchBarFunctionality" classname="com.flipkart.tests.HomeTest" time="2.904">
    <system-err><![CDATA[Jun 14, 2024 4:43:23 PM org.openqa.selenium.devtools.CdpVersionFinder findNearestMatch
WARNING: Unable to find an exact match for CDP version 126, returning the closest version; found: 123; Please update to a Selenium version that supports CDP version 126
]]></system-err>
  </testcase>
  <testcase name="testSearchWithMisspelledQueries" classname="com.flipkart.tests.HomeTest" time="12.77">
    <system-err><![CDATA[Jun 14, 2024 4:43:32 PM org.openqa.selenium.devtools.CdpVersionFinder findNearestMatch
WARNING: Unable to find an exact match for CDP version 126, returning the closest version; found: 123; Please update to a Selenium version that supports CDP version 126
]]></system-err>
  </testcase>
  <testcase name="testInvalidLoginFunctionality" classname="com.flipkart.tests.LoginTest" time="4.009">
    <system-out><![CDATA[testInvalidLoginFunctionalitylogintest
]]></system-out>
    <system-err><![CDATA[Jun 14, 2024 4:43:52 PM org.openqa.selenium.devtools.CdpVersionFinder findNearestMatch
WARNING: Unable to find an exact match for CDP version 126, returning the closest version; found: 123; Please update to a Selenium version that supports CDP version 126
]]></system-err>
  </testcase>
  <testcase name="testInvalidOtpFunctionality" classname="com.flipkart.tests.SellerRegisterPageTest" time="8.684">
    <system-err><![CDATA[Jun 14, 2024 4:44:03 PM org.openqa.selenium.devtools.CdpVersionFinder findNearestMatch
WARNING: Unable to find an exact match for CDP version 126, returning the closest version; found: 123; Please update to a Selenium version that supports CDP version 126
]]></system-err>
  </testcase>
  <testcase name="testSellerBtnPresence" classname="com.flipkart.tests.SellerTest" time="0.258">
    <system-err><![CDATA[Jun 14, 2024 4:44:18 PM org.openqa.selenium.devtools.CdpVersionFinder findNearestMatch
WARNING: Unable to find an exact match for CDP version 126, returning the closest version; found: 123; Please update to a Selenium version that supports CDP version 126
]]></system-err>
  </testcase>
  <testcase name="testSellerLoginFunctionality" classname="com.flipkart.tests.SellerTest" time="24.711">
    <failure message="Expected condition failed: waiting for visibility of Proxy element for: DefaultElementLocator &apos;By.xpath: //div[normalize-space()=&apos;Wrong user details. Please enter correct details to log in.*&apos;]&apos; (tried for 10 second(s) with 500 milliseconds interval)" type="org.openqa.selenium.TimeoutException"><![CDATA[org.openqa.selenium.TimeoutException: Expected condition failed: waiting for visibility of Proxy element for: DefaultElementLocator 'By.xpath: //div[normalize-space()='Wrong user details. Please enter correct details to log in.*']' (tried for 10 second(s) with 500 milliseconds interval)
	at org.openqa.selenium.support.ui.WebDriverWait.timeoutException(WebDriverWait.java:84)
	at org.openqa.selenium.support.ui.FluentWait.until(FluentWait.java:228)
	at com.flipkart.utils.WaitUtils.waitForElementToBeVisible(WaitUtils.java:14)
	at com.flipkart.pages.SellerPage.isCredentialsValid(SellerPage.java:121)
	at com.flipkart.tests.SellerTest.testSellerLoginFunctionality(SellerTest.java:63)
	at java.base/jdk.internal.reflect.NativeMethodAccessorImpl.invoke0(Native Method)
	at java.base/jdk.internal.reflect.NativeMethodAccessorImpl.invoke(NativeMethodAccessorImpl.java:62)
	at java.base/jdk.internal.reflect.DelegatingMethodAccessorImpl.invoke(DelegatingMethodAccessorImpl.java:43)
	at java.base/java.lang.reflect.Method.invoke(Method.java:566)
	at org.testng.internal.invokers.MethodInvocationHelper.invokeMethod(MethodInvocationHelper.java:141)
	at org.testng.internal.invokers.TestInvoker.invokeMethod(TestInvoker.java:686)
	at org.testng.internal.invokers.TestInvoker.invokeTestMethod(TestInvoker.java:230)
	at org.testng.internal.invokers.MethodRunner.runInSequence(MethodRunner.java:63)
	at org.testng.internal.invokers.TestInvoker$MethodInvocationAgent.invoke(TestInvoker.java:992)
	at org.testng.internal.invokers.TestInvoker.invokeTestMethods(TestInvoker.java:203)
	at org.testng.internal.invokers.TestMethodWorker.invokeTestMethods(TestMethodWorker.java:154)
	at org.testng.internal.invokers.TestMethodWorker.run(TestMethodWorker.java:134)
	at java.base/java.util.ArrayList.forEach(ArrayList.java:1540)
	at org.testng.TestRunner.privateRun(TestRunner.java:739)
	at org.testng.TestRunner.run(TestRunner.java:614)
	at org.testng.SuiteRunner.runTest(SuiteRunner.java:421)
	at org.testng.SuiteRunner.runSequentially(SuiteRunner.java:413)
	at org.testng.SuiteRunner.privateRun(SuiteRunner.java:373)
	at org.testng.SuiteRunner.run(SuiteRunner.java:312)
	at org.testng.SuiteRunnerWorker.runSuite(SuiteRunnerWorker.java:52)
	at org.testng.SuiteRunnerWorker.run(SuiteRunnerWorker.java:95)
	at org.testng.TestNG.runSuitesSequentially(TestNG.java:1274)
	at org.testng.TestNG.runSuitesLocally(TestNG.java:1208)
	at org.testng.TestNG.runSuites(TestNG.java:1112)
	at org.testng.TestNG.run(TestNG.java:1079)
	at org.apache.maven.surefire.testng.TestNGExecutor.run(TestNGExecutor.java:308)
	at org.apache.maven.surefire.testng.TestNGXmlTestSuite.execute(TestNGXmlTestSuite.java:71)
	at org.apache.maven.surefire.testng.TestNGProvider.invoke(TestNGProvider.java:113)
	at org.apache.maven.surefire.booter.ForkedBooter.runSuitesInProcess(ForkedBooter.java:385)
	at org.apache.maven.surefire.booter.ForkedBooter.execute(ForkedBooter.java:162)
	at org.apache.maven.surefire.booter.ForkedBooter.run(ForkedBooter.java:507)
	at org.apache.maven.surefire.booter.ForkedBooter.main(ForkedBooter.java:495)
Caused by: org.openqa.selenium.NoSuchElementException: no such element: Unable to locate element: {"method":"xpath","selector":"//div[normalize-space()='Wrong user details. Please enter correct details to log in.*']"}
  (Session info: chrome=126.0.6478.62)
For documentation on this error, please visit: https://www.selenium.dev/documentation/webdriver/troubleshooting/errors#no-such-element-exception
Build info: version: '4.19.1', revision: 'abe0ee07dc'
System info: os.name: 'Windows 10', os.arch: 'amd64', os.version: '10.0', java.version: '11.0.1'
Driver info: org.openqa.selenium.chrome.ChromeDriver
Command: [b5433df722461a9235d9df3563a62390, findElement {value=//div[normalize-space()='Wrong user details. Please enter correct details to log in.*'], using=xpath}]
Capabilities {acceptInsecureCerts: false, browserName: chrome, browserVersion: 126.0.6478.62, chrome: {chromedriverVersion: 126.0.6478.61 (8dc092df54ce..., userDataDir: C:\Users\AASHIS~1\AppData\L...}, fedcm:accounts: true, goog:chromeOptions: {debuggerAddress: localhost:56842}, networkConnectionEnabled: false, pageLoadStrategy: normal, platformName: windows, proxy: Proxy(), se:cdp: ws://localhost:56842/devtoo..., se:cdpVersion: 126.0.6478.62, setWindowRect: true, strictFileInteractability: false, timeouts: {implicit: 0, pageLoad: 300000, script: 30000}, unhandledPromptBehavior: dismiss and notify, webauthn:extension:credBlob: true, webauthn:extension:largeBlob: true, webauthn:extension:minPinLength: true, webauthn:extension:prf: true, webauthn:virtualAuthenticators: true}
Session ID: b5433df722461a9235d9df3563a62390
	at java.base/jdk.internal.reflect.NativeConstructorAccessorImpl.newInstance0(Native Method)
	at java.base/jdk.internal.reflect.NativeConstructorAccessorImpl.newInstance(NativeConstructorAccessorImpl.java:62)
	at java.base/jdk.internal.reflect.DelegatingConstructorAccessorImpl.newInstance(DelegatingConstructorAccessorImpl.java:45)
	at java.base/java.lang.reflect.Constructor.newInstance(Constructor.java:490)
	at org.openqa.selenium.remote.ErrorCodec.decode(ErrorCodec.java:167)
	at org.openqa.selenium.remote.codec.w3c.W3CHttpResponseCodec.decode(W3CHttpResponseCodec.java:138)
	at org.openqa.selenium.remote.codec.w3c.W3CHttpResponseCodec.decode(W3CHttpResponseCodec.java:50)
	at org.openqa.selenium.remote.HttpCommandExecutor.execute(HttpCommandExecutor.java:190)
	at org.openqa.selenium.remote.service.DriverCommandExecutor.invokeExecute(DriverCommandExecutor.java:216)
	at org.openqa.selenium.remote.service.DriverCommandExecutor.execute(DriverCommandExecutor.java:174)
	at org.openqa.selenium.remote.RemoteWebDriver.execute(RemoteWebDriver.java:518)
	at org.openqa.selenium.remote.ElementLocation$ElementFinder$2.findElement(ElementLocation.java:165)
	at org.openqa.selenium.remote.ElementLocation.findElement(ElementLocation.java:59)
	at org.openqa.selenium.remote.RemoteWebDriver.findElement(RemoteWebDriver.java:355)
	at org.openqa.selenium.remote.RemoteWebDriver.findElement(RemoteWebDriver.java:349)
	at org.openqa.selenium.support.pagefactory.DefaultElementLocator.findElement(DefaultElementLocator.java:68)
	at org.openqa.selenium.support.pagefactory.internal.LocatingElementHandler.invoke(LocatingElementHandler.java:38)
	at com.sun.proxy.$Proxy27.isDisplayed(Unknown Source)
	at org.openqa.selenium.support.ui.ExpectedConditions.elementIfVisible(ExpectedConditions.java:304)
	at org.openqa.selenium.support.ui.ExpectedConditions$10.apply(ExpectedConditions.java:290)
	at org.openqa.selenium.support.ui.ExpectedConditions$10.apply(ExpectedConditions.java:287)
	at org.openqa.selenium.support.ui.FluentWait.until(FluentWait.java:203)
	... 35 more
]]></failure>
    <system-err><![CDATA[Jun 14, 2024 4:44:27 PM org.openqa.selenium.devtools.CdpVersionFinder findNearestMatch
WARNING: Unable to find an exact match for CDP version 126, returning the closest version; found: 123; Please update to a Selenium version that supports CDP version 126
]]></system-err>
  </testcase>
  <testcase name="testSellerResetPasswordFunctionality" classname="com.flipkart.tests.SellerTest" time="6.474">
    <system-err><![CDATA[Jun 14, 2024 4:44:57 PM org.openqa.selenium.devtools.CdpVersionFinder findNearestMatch
WARNING: Unable to find an exact match for CDP version 126, returning the closest version; found: 123; Please update to a Selenium version that supports CDP version 126
]]></system-err>
  </testcase>
  <testcase name="testStartSellingBtnPresence" classname="com.flipkart.tests.SellerTest" time="3.671">
    <system-err><![CDATA[Jun 14, 2024 4:45:11 PM org.openqa.selenium.devtools.CdpVersionFinder findNearestMatch
WARNING: Unable to find an exact match for CDP version 126, returning the closest version; found: 123; Please update to a Selenium version that supports CDP version 126
]]></system-err>
  </testcase>
</testsuite>