<?xml version="1.0" encoding="UTF-8"?>
<testng-results ignored="0" total="1" passed="1" failed="0" skipped="0">
  <reporter-output>
  </reporter-output>
  <suite started-at="2024-06-14T16:48:20 IST" name="Default suite" finished-at="2024-06-14T16:48:39 IST" duration-ms="18824">
    <groups>
      <group name="seller">
        <method signature="SellerTest.testSellerResetPasswordFunctionality()[pri:3, instance:com.flipkart.tests.SellerTest@1be2019a]" name="testSellerResetPasswordFunctionality" class="com.flipkart.tests.SellerTest"/>
      </group> <!-- seller -->
    </groups>
    <test started-at="2024-06-14T16:48:20 IST" name="Default test" finished-at="2024-06-14T16:48:39 IST" duration-ms="18824">
      <class name="com.flipkart.tests.SellerTest">
        <test-method is-config="true" signature="beforesuite()[pri:0, instance:com.flipkart.tests.SellerTest@1be2019a]" started-at="2024-06-14T16:48:18 IST" name="beforesuite" finished-at="2024-06-14T16:48:20 IST" duration-ms="1804" status="PASS">
          <reporter-output>
          </reporter-output>
        </test-method> <!-- beforesuite -->
        <test-method is-config="true" signature="setup(java.lang.reflect.Method)[pri:0, instance:com.flipkart.tests.SellerTest@1be2019a]" started-at="2024-06-14T16:48:20 IST" name="setup" finished-at="2024-06-14T16:48:29 IST" duration-ms="9138" status="PASS">
          <params>
            <param index="0">
              <value>
                <![CDATA[public void com.flipkart.tests.SellerTest.testSellerResetPasswordFunctionality()]]>
              </value>
            </param>
          </params>
          <reporter-output>
          </reporter-output>
        </test-method> <!-- setup -->
        <test-method signature="testSellerResetPasswordFunctionality()[pri:3, instance:com.flipkart.tests.SellerTest@1be2019a]" started-at="2024-06-14T16:48:29 IST" name="testSellerResetPasswordFunctionality" finished-at="2024-06-14T16:48:36 IST" duration-ms="6653" status="PASS">
          <reporter-output>
          </reporter-output>
        </test-method> <!-- testSellerResetPasswordFunctionality -->
        <test-method is-config="true" signature="teardown(org.testng.ITestResult)[pri:0, instance:com.flipkart.tests.SellerTest@1be2019a]" started-at="2024-06-14T16:48:36 IST" name="teardown" finished-at="2024-06-14T16:48:39 IST" duration-ms="2961" status="PASS">
          <params>
            <param index="0">
              <value>
                <![CDATA[[TestResult name=testSellerResetPasswordFunctionality status=SUCCESS method=SellerTest.testSellerResetPasswordFunctionality()[pri:3, instance:com.flipkart.tests.SellerTest@1be2019a] output={null}]]]>
              </value>
            </param>
          </params>
          <reporter-output>
          </reporter-output>
        </test-method> <!-- teardown -->
      </class> <!-- com.flipkart.tests.SellerTest -->
    </test> <!-- Default test -->
  </suite> <!-- Default suite -->
</testng-results>
